# JRE version: Java(TM) SE Runtime Environment (21.0.2+13) (build 21.0.2+13-LTS-58)
# Java VM: Java HotSpot(TM) 64-Bit Server VM (21.0.2+13-LTS-58, mixed mode, sharing, tiered, compressed oops, compressed class ptrs, g1 gc, windows-amd64)
GC Precious Log:
 CardTable entry size: 512
 Card Set container configuration: InlinePtr #cards 5 size 8 Array Of Cards #cards 12 size 40 Howl #buckets 4 coarsen threshold 1843 Howl Bitmap #cards 512 size 80 coarsen threshold 460 Card regions per heap region 1 cards per card region 2048
 CPUs: 4 total, 4 available
 Memory: 3747M
 Large Page Support: Disabled
 NUMA Support: Disabled
 Compressed Oops: Enabled (32-bit)
 Heap Region Size: 1M
 Heap Min Capacity: 8M
 Heap Initial Capacity: 60M
 Heap Max Capacity: 938M
 Pre-touch: Disabled
 Parallel Workers: 4
 Concurrent Workers: 1
 Concurrent Refinement Workers: 4
 Periodic GC: Disabled
Heap:
 garbage-first heap   total 30720K, used 26642K [0x00000000c5600000, 0x0000000100000000)
  region size 1024K, 12 young (12288K), 1 survivors (1024K)
 Metaspace       used 24000K, committed 24256K, reserved 1114112K
  class space    used 2649K, committed 2816K, reserved 1048576K
GC Heap History (6 events):
Event: 1.276 GC heap before
{Heap before GC invocations=0 (full 0):
 garbage-first heap   total 61440K, used 13312K [0x00000000c5600000, 0x0000000100000000)
  region size 1024K, 13 young (13312K), 0 survivors (0K)
 Metaspace       used 9903K, committed 10112K, reserved 1114112K
  class space    used 1070K, committed 1152K, reserved 1048576K
}
Event: 1.285 GC heap after
{Heap after GC invocations=1 (full 0):
 garbage-first heap   total 61440K, used 3178K [0x00000000c5600000, 0x0000000100000000)
  region size 1024K, 2 young (2048K), 2 survivors (2048K)
 Metaspace       used 9903K, committed 10112K, reserved 1114112K
  class space    used 1070K, committed 1152K, reserved 1048576K
}
Event: 3.046 GC heap before
{Heap before GC invocations=1 (full 0):
 garbage-first heap   total 61440K, used 15466K [0x00000000c5600000, 0x0000000100000000)
  region size 1024K, 15 young (15360K), 2 survivors (2048K)
 Metaspace       used 21297K, committed 21504K, reserved 1114112K
  class space    used 2471K, committed 2560K, reserved 1048576K
}
Event: 3.058 GC heap after
{Heap after GC invocations=2 (full 0):
 garbage-first heap   total 61440K, used 7270K [0x00000000c5600000, 0x0000000100000000)
  region size 1024K, 3 young (3072K), 3 survivors (3072K)
 Metaspace       used 21297K, committed 21504K, reserved 1114112K
  class space    used 2471K, committed 2560K, reserved 1048576K
}
Event: 25.017 GC heap before
{Heap before GC invocations=3 (full 0):
 garbage-first heap   total 30720K, used 21606K [0x00000000c5600000, 0x0000000100000000)
  region size 1024K, 18 young (18432K), 3 survivors (3072K)
 Metaspace       used 23749K, committed 24064K, reserved 1114112K
  class space    used 2639K, committed 2816K, reserved 1048576K
}
Event: 25.023 GC heap after
{Heap after GC invocations=4 (full 0):
 garbage-first heap   total 30720K, used 8210K [0x00000000c5600000, 0x0000000100000000)
  region size 1024K, 1 young (1024K), 1 survivors (1024K)
 Metaspace       used 23749K, committed 24064K, reserved 1114112K
  class space    used 2639K, committed 2816K, reserved 1048576K
}

