# JRE version: Java(TM) SE Runtime Environment (21.0.2+13) (build 21.0.2+13-LTS-58)
# Java VM: Java HotSpot(TM) 64-Bit Server VM (21.0.2+13-LTS-58, mixed mode, sharing, tiered, compressed oops, compressed class ptrs, g1 gc, windows-amd64)
GC Precious Log:
 CardTable entry size: 512
 Card Set container configuration: InlinePtr #cards 5 size 8 Array Of Cards #cards 12 size 40 Howl #buckets 4 coarsen threshold 1843 Howl Bitmap #cards 512 size 80 coarsen threshold 460 Card regions per heap region 1 cards per card region 2048
 CPUs: 4 total, 4 available
 Memory: 3747M
 Large Page Support: Disabled
 NUMA Support: Disabled
 Compressed Oops: Enabled (32-bit)
 Heap Region Size: 1M
 Heap Min Capacity: 8M
 Heap Initial Capacity: 8M
 Heap Max Capacity: 938M
 Pre-touch: Disabled
 Parallel Workers: 4
 Concurrent Workers: 1
 Concurrent Refinement Workers: 4
 Periodic GC: Disabled
Heap:
 garbage-first heap   total 10240K, used 5279K [0x00000000c5600000, 0x0000000100000000)
  region size 1024K, 2 young (2048K), 1 survivors (1024K)
 Metaspace       used 9285K, committed 9472K, reserved 1114112K
  class space    used 1020K, committed 1088K, reserved 1048576K
GC Heap History (20 events):
Event: 1.189 GC heap before
{Heap before GC invocations=1 (full 0):
 garbage-first heap   total 8192K, used 2112K [0x00000000c5600000, 0x0000000100000000)
  region size 1024K, 2 young (2048K), 1 survivors (1024K)
 Metaspace       used 4257K, committed 4480K, reserved 1114112K
  class space    used 522K, committed 640K, reserved 1048576K
}
Event: 1.194 GC heap after
{Heap after GC invocations=2 (full 0):
 garbage-first heap   total 8192K, used 1799K [0x00000000c5600000, 0x0000000100000000)
  region size 1024K, 1 young (1024K), 1 survivors (1024K)
 Metaspace       used 4257K, committed 4480K, reserved 1114112K
  class space    used 522K, committed 640K, reserved 1048576K
}
Event: 1.504 GC heap before
{Heap before GC invocations=2 (full 0):
 garbage-first heap   total 8192K, used 2823K [0x00000000c5600000, 0x0000000100000000)
  region size 1024K, 2 young (2048K), 1 survivors (1024K)
 Metaspace       used 6551K, committed 6720K, reserved 1114112K
  class space    used 762K, committed 832K, reserved 1048576K
}
Event: 1.506 GC heap after
{Heap after GC invocations=3 (full 0):
 garbage-first heap   total 8192K, used 2213K [0x00000000c5600000, 0x0000000100000000)
  region size 1024K, 1 young (1024K), 1 survivors (1024K)
 Metaspace       used 6551K, committed 6720K, reserved 1114112K
  class space    used 762K, committed 832K, reserved 1048576K
}
Event: 1.688 GC heap before
{Heap before GC invocations=3 (full 0):
 garbage-first heap   total 8192K, used 3237K [0x00000000c5600000, 0x0000000100000000)
  region size 1024K, 2 young (2048K), 1 survivors (1024K)
 Metaspace       used 7854K, committed 8000K, reserved 1114112K
  class space    used 884K, committed 960K, reserved 1048576K
}
Event: 1.690 GC heap after
{Heap after GC invocations=4 (full 0):
 garbage-first heap   total 8192K, used 2802K [0x00000000c5600000, 0x0000000100000000)
  region size 1024K, 1 young (1024K), 1 survivors (1024K)
 Metaspace       used 7854K, committed 8000K, reserved 1114112K
  class space    used 884K, committed 960K, reserved 1048576K
}
Event: 1.853 GC heap before
{Heap before GC invocations=4 (full 0):
 garbage-first heap   total 8192K, used 3826K [0x00000000c5600000, 0x0000000100000000)
  region size 1024K, 2 young (2048K), 1 survivors (1024K)
 Metaspace       used 8050K, committed 8192K, reserved 1114112K
  class space    used 884K, committed 960K, reserved 1048576K
}
Event: 1.856 GC heap after
{Heap after GC invocations=5 (full 0):
 garbage-first heap   total 8192K, used 3063K [0x00000000c5600000, 0x0000000100000000)
  region size 1024K, 1 young (1024K), 1 survivors (1024K)
 Metaspace       used 8050K, committed 8192K, reserved 1114112K
  class space    used 884K, committed 960K, reserved 1048576K
}
Event: 2.025 GC heap before
{Heap before GC invocations=5 (full 0):
 garbage-first heap   total 8192K, used 4087K [0x00000000c5600000, 0x0000000100000000)
  region size 1024K, 2 young (2048K), 1 survivors (1024K)
 Metaspace       used 8197K, committed 8384K, reserved 1114112K
  class space    used 903K, committed 1024K, reserved 1048576K
}
Event: 2.027 GC heap after
{Heap after GC invocations=6 (full 0):
 garbage-first heap   total 8192K, used 3222K [0x00000000c5600000, 0x0000000100000000)
  region size 1024K, 1 young (1024K), 1 survivors (1024K)
 Metaspace       used 8197K, committed 8384K, reserved 1114112K
  class space    used 903K, committed 1024K, reserved 1048576K
}
Event: 2.104 GC heap before
{Heap before GC invocations=6 (full 0):
 garbage-first heap   total 8192K, used 4246K [0x00000000c5600000, 0x0000000100000000)
  region size 1024K, 2 young (2048K), 1 survivors (1024K)
 Metaspace       used 8465K, committed 8640K, reserved 1114112K
  class space    used 931K, committed 1024K, reserved 1048576K
}
Event: 2.107 GC heap after
{Heap after GC invocations=7 (full 0):
 garbage-first heap   total 8192K, used 3573K [0x00000000c5600000, 0x0000000100000000)
  region size 1024K, 1 young (1024K), 1 survivors (1024K)
 Metaspace       used 8465K, committed 8640K, reserved 1114112K
  class space    used 931K, committed 1024K, reserved 1048576K
}
Event: 2.234 GC heap before
{Heap before GC invocations=7 (full 0):
 garbage-first heap   total 8192K, used 4597K [0x00000000c5600000, 0x0000000100000000)
  region size 1024K, 2 young (2048K), 1 survivors (1024K)
 Metaspace       used 8834K, committed 8960K, reserved 1114112K
  class space    used 978K, committed 1024K, reserved 1048576K
}
Event: 2.239 GC heap after
{Heap after GC invocations=8 (full 0):
 garbage-first heap   total 10240K, used 4047K [0x00000000c5600000, 0x0000000100000000)
  region size 1024K, 1 young (1024K), 1 survivors (1024K)
 Metaspace       used 8834K, committed 8960K, reserved 1114112K
  class space    used 978K, committed 1024K, reserved 1048576K
}
Event: 2.348 GC heap before
{Heap before GC invocations=8 (full 0):
 garbage-first heap   total 10240K, used 6095K [0x00000000c5600000, 0x0000000100000000)
  region size 1024K, 3 young (3072K), 1 survivors (1024K)
 Metaspace       used 9055K, committed 9152K, reserved 1114112K
  class space    used 996K, committed 1024K, reserved 1048576K
}
Event: 2.352 GC heap after
{Heap after GC invocations=9 (full 0):
 garbage-first heap   total 10240K, used 4943K [0x00000000c5600000, 0x0000000100000000)
  region size 1024K, 1 young (1024K), 1 survivors (1024K)
 Metaspace       used 9055K, committed 9152K, reserved 1114112K
  class space    used 996K, committed 1024K, reserved 1048576K
}
Event: 2.479 GC heap before
{Heap before GC invocations=9 (full 0):
 garbage-first heap   total 10240K, used 5967K [0x00000000c5600000, 0x0000000100000000)
  region size 1024K, 2 young (2048K), 1 survivors (1024K)
 Metaspace       used 9159K, committed 9344K, reserved 1114112K
  class space    used 1005K, committed 1088K, reserved 1048576K
}
Event: 2.482 GC heap after
{Heap after GC invocations=10 (full 0):
 garbage-first heap   total 10240K, used 5191K [0x00000000c5600000, 0x0000000100000000)
  region size 1024K, 1 young (1024K), 1 survivors (1024K)
 Metaspace       used 9159K, committed 9344K, reserved 1114112K
  class space    used 1005K, committed 1088K, reserved 1048576K
}
Event: 2.546 GC heap before
{Heap before GC invocations=10 (full 0):
 garbage-first heap   total 10240K, used 6215K [0x00000000c5600000, 0x0000000100000000)
  region size 1024K, 2 young (2048K), 1 survivors (1024K)
 Metaspace       used 9269K, committed 9472K, reserved 1114112K
  class space    used 1020K, committed 1088K, reserved 1048576K
}
Event: 2.548 GC heap after
{Heap after GC invocations=11 (full 0):
 garbage-first heap   total 10240K, used 5279K [0x00000000c5600000, 0x0000000100000000)
  region size 1024K, 1 young (1024K), 1 survivors (1024K)
 Metaspace       used 9269K, committed 9472K, reserved 1114112K
  class space    used 1020K, committed 1088K, reserved 1048576K
}

