# JRE version: Java(TM) SE Runtime Environment (21.0.2+13) (build 21.0.2+13-LTS-58)
# Java VM: Java HotSpot(TM) 64-Bit Server VM (21.0.2+13-LTS-58, mixed mode, sharing, tiered, compressed oops, compressed class ptrs, g1 gc, windows-amd64)
GC Precious Log:
 CardTable entry size: 512
 Card Set container configuration: InlinePtr #cards 5 size 8 Array Of Cards #cards 12 size 40 Howl #buckets 4 coarsen threshold 1843 Howl Bitmap #cards 512 size 80 coarsen threshold 460 Card regions per heap region 1 cards per card region 2048
 CPUs: 4 total, 4 available
 Memory: 3747M
 Large Page Support: Disabled
 NUMA Support: Disabled
 Compressed Oops: Enabled (32-bit)
 Heap Region Size: 1M
 Heap Min Capacity: 8M
 Heap Initial Capacity: 8M
 Heap Max Capacity: 938M
 Pre-touch: Disabled
 Parallel Workers: 4
 Concurrent Workers: 1
 Concurrent Refinement Workers: 4
 Periodic GC: Disabled
Heap:
 garbage-first heap   total 16384K, used 8918K [0x00000000c5600000, 0x0000000100000000)
  region size 1024K, 1 young (1024K), 1 survivors (1024K)
 Metaspace       used 9498K, committed 9600K, reserved 1114112K
  class space    used 1047K, committed 1088K, reserved 1048576K
GC Heap History (20 events):
Event: 0.909 GC heap after
{Heap after GC invocations=4 (full 0):
 garbage-first heap   total 8192K, used 2777K [0x00000000c5600000, 0x0000000100000000)
  region size 1024K, 1 young (1024K), 1 survivors (1024K)
 Metaspace       used 7775K, committed 7936K, reserved 1114112K
  class space    used 874K, committed 960K, reserved 1048576K
}
Event: 0.983 GC heap before
{Heap before GC invocations=4 (full 0):
 garbage-first heap   total 8192K, used 2777K [0x00000000c5600000, 0x0000000100000000)
  region size 1024K, 2 young (2048K), 1 survivors (1024K)
 Metaspace       used 7922K, committed 8064K, reserved 1114112K
  class space    used 880K, committed 960K, reserved 1048576K
}
Event: 0.986 GC heap after
{Heap after GC invocations=5 (full 0):
 garbage-first heap   total 10240K, used 3004K [0x00000000c5600000, 0x0000000100000000)
  region size 1024K, 1 young (1024K), 1 survivors (1024K)
 Metaspace       used 7922K, committed 8064K, reserved 1114112K
  class space    used 880K, committed 960K, reserved 1048576K
}
Event: 1.098 GC heap before
{Heap before GC invocations=5 (full 0):
 garbage-first heap   total 10240K, used 5052K [0x00000000c5600000, 0x0000000100000000)
  region size 1024K, 3 young (3072K), 1 survivors (1024K)
 Metaspace       used 8331K, committed 8512K, reserved 1114112K
  class space    used 928K, committed 1024K, reserved 1048576K
}
Event: 1.101 GC heap after
{Heap after GC invocations=6 (full 0):
 garbage-first heap   total 10240K, used 3608K [0x00000000c5600000, 0x0000000100000000)
  region size 1024K, 1 young (1024K), 1 survivors (1024K)
 Metaspace       used 8331K, committed 8512K, reserved 1114112K
  class space    used 928K, committed 1024K, reserved 1048576K
}
Event: 1.226 GC heap before
{Heap before GC invocations=6 (full 0):
 garbage-first heap   total 10240K, used 5656K [0x00000000c5600000, 0x0000000100000000)
  region size 1024K, 3 young (3072K), 1 survivors (1024K)
 Metaspace       used 8896K, committed 9024K, reserved 1114112K
  class space    used 990K, committed 1024K, reserved 1048576K
}
Event: 1.231 GC heap after
{Heap after GC invocations=7 (full 0):
 garbage-first heap   total 10240K, used 4543K [0x00000000c5600000, 0x0000000100000000)
  region size 1024K, 1 young (1024K), 1 survivors (1024K)
 Metaspace       used 8896K, committed 9024K, reserved 1114112K
  class space    used 990K, committed 1024K, reserved 1048576K
}
Event: 1.254 GC heap before
{Heap before GC invocations=7 (full 0):
 garbage-first heap   total 10240K, used 5567K [0x00000000c5600000, 0x0000000100000000)
  region size 1024K, 2 young (2048K), 1 survivors (1024K)
 Metaspace       used 8911K, committed 9024K, reserved 1114112K
  class space    used 990K, committed 1024K, reserved 1048576K
}
Event: 1.257 GC heap after
{Heap after GC invocations=8 (full 0):
 garbage-first heap   total 10240K, used 4986K [0x00000000c5600000, 0x0000000100000000)
  region size 1024K, 1 young (1024K), 1 survivors (1024K)
 Metaspace       used 8911K, committed 9024K, reserved 1114112K
  class space    used 990K, committed 1024K, reserved 1048576K
}
Event: 1.359 GC heap before
{Heap before GC invocations=8 (full 0):
 garbage-first heap   total 10240K, used 6010K [0x00000000c5600000, 0x0000000100000000)
  region size 1024K, 2 young (2048K), 1 survivors (1024K)
 Metaspace       used 9098K, committed 9280K, reserved 1114112K
  class space    used 1014K, committed 1088K, reserved 1048576K
}
Event: 1.361 GC heap after
{Heap after GC invocations=9 (full 0):
 garbage-first heap   total 16384K, used 4999K [0x00000000c5600000, 0x0000000100000000)
  region size 1024K, 1 young (1024K), 1 survivors (1024K)
 Metaspace       used 9098K, committed 9280K, reserved 1114112K
  class space    used 1014K, committed 1088K, reserved 1048576K
}
Event: 1.445 GC heap before
{Heap before GC invocations=10 (full 0):
 garbage-first heap   total 16384K, used 9095K [0x00000000c5600000, 0x0000000100000000)
  region size 1024K, 5 young (5120K), 1 survivors (1024K)
 Metaspace       used 9193K, committed 9408K, reserved 1114112K
  class space    used 1021K, committed 1088K, reserved 1048576K
}
Event: 1.448 GC heap after
{Heap after GC invocations=11 (full 0):
 garbage-first heap   total 16384K, used 5500K [0x00000000c5600000, 0x0000000100000000)
  region size 1024K, 1 young (1024K), 1 survivors (1024K)
 Metaspace       used 9193K, committed 9408K, reserved 1114112K
  class space    used 1021K, committed 1088K, reserved 1048576K
}
Event: 1.519 GC heap before
{Heap before GC invocations=11 (full 0):
 garbage-first heap   total 16384K, used 10620K [0x00000000c5600000, 0x0000000100000000)
  region size 1024K, 6 young (6144K), 1 survivors (1024K)
 Metaspace       used 9323K, committed 9472K, reserved 1114112K
  class space    used 1034K, committed 1088K, reserved 1048576K
}
Event: 1.525 GC heap after
{Heap after GC invocations=12 (full 0):
 garbage-first heap   total 16384K, used 6094K [0x00000000c5600000, 0x0000000100000000)
  region size 1024K, 1 young (1024K), 1 survivors (1024K)
 Metaspace       used 9323K, committed 9472K, reserved 1114112K
  class space    used 1034K, committed 1088K, reserved 1048576K
}
Event: 1.541 GC heap before
{Heap before GC invocations=12 (full 0):
 garbage-first heap   total 16384K, used 11214K [0x00000000c5600000, 0x0000000100000000)
  region size 1024K, 6 young (6144K), 1 survivors (1024K)
 Metaspace       used 9324K, committed 9472K, reserved 1114112K
  class space    used 1034K, committed 1088K, reserved 1048576K
}
Event: 1.546 GC heap after
{Heap after GC invocations=13 (full 0):
 garbage-first heap   total 16384K, used 6822K [0x00000000c5600000, 0x0000000100000000)
  region size 1024K, 1 young (1024K), 1 survivors (1024K)
 Metaspace       used 9324K, committed 9472K, reserved 1114112K
  class space    used 1034K, committed 1088K, reserved 1048576K
}
Event: 1.571 GC heap before
{Heap before GC invocations=13 (full 0):
 garbage-first heap   total 16384K, used 10918K [0x00000000c5600000, 0x0000000100000000)
  region size 1024K, 6 young (6144K), 1 survivors (1024K)
 Metaspace       used 9328K, committed 9472K, reserved 1114112K
  class space    used 1034K, committed 1088K, reserved 1048576K
}
Event: 1.575 GC heap after
{Heap after GC invocations=14 (full 0):
 garbage-first heap   total 16384K, used 7871K [0x00000000c5600000, 0x0000000100000000)
  region size 1024K, 1 young (1024K), 1 survivors (1024K)
 Metaspace       used 9328K, committed 9472K, reserved 1114112K
  class space    used 1034K, committed 1088K, reserved 1048576K
}
Event: 1.681 GC heap before
{Heap before GC invocations=14 (full 0):
 garbage-first heap   total 16384K, used 11967K [0x00000000c5600000, 0x0000000100000000)
  region size 1024K, 6 young (6144K), 1 survivors (1024K)
 Metaspace       used 9498K, committed 9600K, reserved 1114112K
  class space    used 1047K, committed 1088K, reserved 1048576K
}

